CRITICAL - 2023-11-02 04:40:09 --> Invalid file: "include/header.php"
in SYSTEMPATH\Exceptions\FrameworkException.php on line 39.
 1 SYSTEMPATH\View\View.php(214): CodeIgniter\Exceptions\FrameworkException::forInvalidFile('include/header.php')
 2 SYSTEMPATH\Common.php(1188): CodeIgniter\View\View->render('include/header', [], true)
 3 APPPATH\Controllers\SigninController.php(57): view('include/header')
 4 SYSTEMPATH\CodeIgniter.php(919): App\Controllers\SigninController->try()
 5 SYSTEMPATH\CodeIgniter.php(494): CodeIgniter\CodeIgniter->runController(Object(App\Controllers\SigninController))
 6 SYSTEMPATH\CodeIgniter.php(353): CodeIgniter\CodeIgniter->handleRequest(null, Object(Config\Cache), false)
 7 FCPATH\index.php(79): CodeIgniter\CodeIgniter->run()
 8 SYSTEMPATH\Commands\Server\rewrite.php(47): require_once('C:\\laragon\\www\\appdevproj\\public\\index.php')
CRITICAL - 2023-11-02 07:04:26 --> Invalid file: "information.php"
in SYSTEMPATH\Exceptions\FrameworkException.php on line 39.
 1 SYSTEMPATH\View\View.php(214): CodeIgniter\Exceptions\FrameworkException::forInvalidFile('information.php')
 2 SYSTEMPATH\Common.php(1188): CodeIgniter\View\View->render('information', [], true)
 3 APPPATH\Controllers\InformationController.php(36): view('information', [...])
 4 SYSTEMPATH\CodeIgniter.php(919): App\Controllers\InformationController->Information()
 5 SYSTEMPATH\CodeIgniter.php(494): CodeIgniter\CodeIgniter->runController(Object(App\Controllers\InformationController))
 6 SYSTEMPATH\CodeIgniter.php(353): CodeIgniter\CodeIgniter->handleRequest(null, Object(Config\Cache), false)
 7 FCPATH\index.php(79): CodeIgniter\CodeIgniter->run()
 8 SYSTEMPATH\Commands\Server\rewrite.php(47): require_once('C:\\laragon\\www\\appdevproj\\public\\index.php')
CRITICAL - 2023-11-02 07:05:36 --> Invalid file: "information.php"
in SYSTEMPATH\Exceptions\FrameworkException.php on line 39.
 1 SYSTEMPATH\View\View.php(214): CodeIgniter\Exceptions\FrameworkException::forInvalidFile('information.php')
 2 SYSTEMPATH\Common.php(1188): CodeIgniter\View\View->render('information', [], true)
 3 APPPATH\Controllers\InformationController.php(37): view('information', [...])
 4 SYSTEMPATH\CodeIgniter.php(919): App\Controllers\InformationController->Information()
 5 SYSTEMPATH\CodeIgniter.php(494): CodeIgniter\CodeIgniter->runController(Object(App\Controllers\InformationController))
 6 SYSTEMPATH\CodeIgniter.php(353): CodeIgniter\CodeIgniter->handleRequest(null, Object(Config\Cache), false)
 7 FCPATH\index.php(79): CodeIgniter\CodeIgniter->run()
 8 SYSTEMPATH\Commands\Server\rewrite.php(47): require_once('C:\\laragon\\www\\appdevproj\\public\\index.php')
CRITICAL - 2023-11-02 07:07:17 --> Invalid file: "information.php"
in SYSTEMPATH\Exceptions\FrameworkException.php on line 39.
 1 SYSTEMPATH\View\View.php(214): CodeIgniter\Exceptions\FrameworkException::forInvalidFile('information.php')
 2 SYSTEMPATH\Common.php(1188): CodeIgniter\View\View->render('information', [], true)
 3 APPPATH\Controllers\InformationController.php(37): view('information', [...])
 4 SYSTEMPATH\CodeIgniter.php(919): App\Controllers\InformationController->Information()
 5 SYSTEMPATH\CodeIgniter.php(494): CodeIgniter\CodeIgniter->runController(Object(App\Controllers\InformationController))
 6 SYSTEMPATH\CodeIgniter.php(353): CodeIgniter\CodeIgniter->handleRequest(null, Object(Config\Cache), false)
 7 FCPATH\index.php(79): CodeIgniter\CodeIgniter->run()
 8 SYSTEMPATH\Commands\Server\rewrite.php(47): require_once('C:\\laragon\\www\\appdevproj\\public\\index.php')
CRITICAL - 2023-11-02 10:06:06 --> include(../pages/connection.php): Failed to open stream: No such file or directory
in APPPATH\Views\main\barangay.php on line 68.
 1 APPPATH\Views\main\barangay.php(68): CodeIgniter\Debug\Exceptions->errorHandler(2, 'include(../pages/connection.php): Failed to open stream: No such file or directory', 'C:\\laragon\\www\\appdevproj\\app\\Views\\main\\barangay.php', 68)
 2 APPPATH\Views\main\barangay.php(68): include()
 3 SYSTEMPATH\View\View.php(226): include('C:\\laragon\\www\\appdevproj\\app\\Views\\main\\barangay.php')
 4 SYSTEMPATH\View\View.php(229): CodeIgniter\View\View->CodeIgniter\View\{closure}()
 5 SYSTEMPATH\Common.php(1188): CodeIgniter\View\View->render('main/barangay', [], true)
 6 APPPATH\Controllers\InformationController.php(19): view('main/barangay')
 7 SYSTEMPATH\CodeIgniter.php(919): App\Controllers\InformationController->barangay()
 8 SYSTEMPATH\CodeIgniter.php(494): CodeIgniter\CodeIgniter->runController(Object(App\Controllers\InformationController))
 9 SYSTEMPATH\CodeIgniter.php(353): CodeIgniter\CodeIgniter->handleRequest(null, Object(Config\Cache), false)
10 FCPATH\index.php(79): CodeIgniter\CodeIgniter->run()
11 SYSTEMPATH\Commands\Server\rewrite.php(47): require_once('C:\\laragon\\www\\appdevproj\\public\\index.php')
CRITICAL - 2023-11-02 11:53:08 --> Undefined variable $info
in APPPATH\Views\main\barangay.php on line 68.
 1 APPPATH\Views\main\barangay.php(68): CodeIgniter\Debug\Exceptions->errorHandler(2, 'Undefined variable $info', 'C:\\laragon\\www\\appdevproj\\app\\Views\\main\\barangay.php', 68)
 2 SYSTEMPATH\View\View.php(226): include('C:\\laragon\\www\\appdevproj\\app\\Views\\main\\barangay.php')
 3 SYSTEMPATH\View\View.php(229): CodeIgniter\View\View->CodeIgniter\View\{closure}()
 4 SYSTEMPATH\Common.php(1188): CodeIgniter\View\View->render('main/barangay', [], true)
 5 APPPATH\Controllers\InformationController.php(19): view('main/barangay')
 6 SYSTEMPATH\CodeIgniter.php(919): App\Controllers\InformationController->barangay()
 7 SYSTEMPATH\CodeIgniter.php(494): CodeIgniter\CodeIgniter->runController(Object(App\Controllers\InformationController))
 8 SYSTEMPATH\CodeIgniter.php(353): CodeIgniter\CodeIgniter->handleRequest(null, Object(Config\Cache), false)
 9 FCPATH\index.php(79): CodeIgniter\CodeIgniter->run()
10 SYSTEMPATH\Commands\Server\rewrite.php(47): require_once('C:\\laragon\\www\\appdevproj\\public\\index.php')
CRITICAL - 2023-11-02 11:54:43 --> Undefined variable $info
in APPPATH\Views\main\barangay.php on line 68.
 1 APPPATH\Views\main\barangay.php(68): CodeIgniter\Debug\Exceptions->errorHandler(2, 'Undefined variable $info', 'C:\\laragon\\www\\appdevproj\\app\\Views\\main\\barangay.php', 68)
 2 SYSTEMPATH\View\View.php(226): include('C:\\laragon\\www\\appdevproj\\app\\Views\\main\\barangay.php')
 3 SYSTEMPATH\View\View.php(229): CodeIgniter\View\View->CodeIgniter\View\{closure}()
 4 SYSTEMPATH\Common.php(1188): CodeIgniter\View\View->render('main/barangay', [], true)
 5 APPPATH\Controllers\InformationController.php(19): view('main/barangay')
 6 SYSTEMPATH\CodeIgniter.php(919): App\Controllers\InformationController->barangay()
 7 SYSTEMPATH\CodeIgniter.php(494): CodeIgniter\CodeIgniter->runController(Object(App\Controllers\InformationController))
 8 SYSTEMPATH\CodeIgniter.php(353): CodeIgniter\CodeIgniter->handleRequest(null, Object(Config\Cache), false)
 9 FCPATH\index.php(79): CodeIgniter\CodeIgniter->run()
10 SYSTEMPATH\Commands\Server\rewrite.php(47): require_once('C:\\laragon\\www\\appdevproj\\public\\index.php')
CRITICAL - 2023-11-02 11:54:44 --> Undefined variable $info
in APPPATH\Views\main\barangay.php on line 68.
 1 APPPATH\Views\main\barangay.php(68): CodeIgniter\Debug\Exceptions->errorHandler(2, 'Undefined variable $info', 'C:\\laragon\\www\\appdevproj\\app\\Views\\main\\barangay.php', 68)
 2 SYSTEMPATH\View\View.php(226): include('C:\\laragon\\www\\appdevproj\\app\\Views\\main\\barangay.php')
 3 SYSTEMPATH\View\View.php(229): CodeIgniter\View\View->CodeIgniter\View\{closure}()
 4 SYSTEMPATH\Common.php(1188): CodeIgniter\View\View->render('main/barangay', [], true)
 5 APPPATH\Controllers\InformationController.php(19): view('main/barangay')
 6 SYSTEMPATH\CodeIgniter.php(919): App\Controllers\InformationController->barangay()
 7 SYSTEMPATH\CodeIgniter.php(494): CodeIgniter\CodeIgniter->runController(Object(App\Controllers\InformationController))
 8 SYSTEMPATH\CodeIgniter.php(353): CodeIgniter\CodeIgniter->handleRequest(null, Object(Config\Cache), false)
 9 FCPATH\index.php(79): CodeIgniter\CodeIgniter->run()
10 SYSTEMPATH\Commands\Server\rewrite.php(47): require_once('C:\\laragon\\www\\appdevproj\\public\\index.php')
CRITICAL - 2023-11-02 11:54:44 --> Undefined variable $info
in APPPATH\Views\main\barangay.php on line 68.
 1 APPPATH\Views\main\barangay.php(68): CodeIgniter\Debug\Exceptions->errorHandler(2, 'Undefined variable $info', 'C:\\laragon\\www\\appdevproj\\app\\Views\\main\\barangay.php', 68)
 2 SYSTEMPATH\View\View.php(226): include('C:\\laragon\\www\\appdevproj\\app\\Views\\main\\barangay.php')
 3 SYSTEMPATH\View\View.php(229): CodeIgniter\View\View->CodeIgniter\View\{closure}()
 4 SYSTEMPATH\Common.php(1188): CodeIgniter\View\View->render('main/barangay', [], true)
 5 APPPATH\Controllers\InformationController.php(19): view('main/barangay')
 6 SYSTEMPATH\CodeIgniter.php(919): App\Controllers\InformationController->barangay()
 7 SYSTEMPATH\CodeIgniter.php(494): CodeIgniter\CodeIgniter->runController(Object(App\Controllers\InformationController))
 8 SYSTEMPATH\CodeIgniter.php(353): CodeIgniter\CodeIgniter->handleRequest(null, Object(Config\Cache), false)
 9 FCPATH\index.php(79): CodeIgniter\CodeIgniter->run()
10 SYSTEMPATH\Commands\Server\rewrite.php(47): require_once('C:\\laragon\\www\\appdevproj\\public\\index.php')
CRITICAL - 2023-11-02 11:54:45 --> Undefined variable $info
in APPPATH\Views\main\barangay.php on line 68.
 1 APPPATH\Views\main\barangay.php(68): CodeIgniter\Debug\Exceptions->errorHandler(2, 'Undefined variable $info', 'C:\\laragon\\www\\appdevproj\\app\\Views\\main\\barangay.php', 68)
 2 SYSTEMPATH\View\View.php(226): include('C:\\laragon\\www\\appdevproj\\app\\Views\\main\\barangay.php')
 3 SYSTEMPATH\View\View.php(229): CodeIgniter\View\View->CodeIgniter\View\{closure}()
 4 SYSTEMPATH\Common.php(1188): CodeIgniter\View\View->render('main/barangay', [], true)
 5 APPPATH\Controllers\InformationController.php(19): view('main/barangay')
 6 SYSTEMPATH\CodeIgniter.php(919): App\Controllers\InformationController->barangay()
 7 SYSTEMPATH\CodeIgniter.php(494): CodeIgniter\CodeIgniter->runController(Object(App\Controllers\InformationController))
 8 SYSTEMPATH\CodeIgniter.php(353): CodeIgniter\CodeIgniter->handleRequest(null, Object(Config\Cache), false)
 9 FCPATH\index.php(79): CodeIgniter\CodeIgniter->run()
10 SYSTEMPATH\Commands\Server\rewrite.php(47): require_once('C:\\laragon\\www\\appdevproj\\public\\index.php')
CRITICAL - 2023-11-02 11:55:09 --> Undefined variable $info
in APPPATH\Views\main\barangay.php on line 68.
 1 APPPATH\Views\main\barangay.php(68): CodeIgniter\Debug\Exceptions->errorHandler(2, 'Undefined variable $info', 'C:\\laragon\\www\\appdevproj\\app\\Views\\main\\barangay.php', 68)
 2 SYSTEMPATH\View\View.php(226): include('C:\\laragon\\www\\appdevproj\\app\\Views\\main\\barangay.php')
 3 SYSTEMPATH\View\View.php(229): CodeIgniter\View\View->CodeIgniter\View\{closure}()
 4 SYSTEMPATH\Common.php(1188): CodeIgniter\View\View->render('main/barangay', [], true)
 5 APPPATH\Controllers\InformationController.php(19): view('main/barangay')
 6 SYSTEMPATH\CodeIgniter.php(919): App\Controllers\InformationController->barangay()
 7 SYSTEMPATH\CodeIgniter.php(494): CodeIgniter\CodeIgniter->runController(Object(App\Controllers\InformationController))
 8 SYSTEMPATH\CodeIgniter.php(353): CodeIgniter\CodeIgniter->handleRequest(null, Object(Config\Cache), false)
 9 FCPATH\index.php(79): CodeIgniter\CodeIgniter->run()
10 SYSTEMPATH\Commands\Server\rewrite.php(47): require_once('C:\\laragon\\www\\appdevproj\\public\\index.php')
CRITICAL - 2023-11-02 11:55:11 --> Undefined variable $info
in APPPATH\Views\main\barangay.php on line 68.
 1 APPPATH\Views\main\barangay.php(68): CodeIgniter\Debug\Exceptions->errorHandler(2, 'Undefined variable $info', 'C:\\laragon\\www\\appdevproj\\app\\Views\\main\\barangay.php', 68)
 2 SYSTEMPATH\View\View.php(226): include('C:\\laragon\\www\\appdevproj\\app\\Views\\main\\barangay.php')
 3 SYSTEMPATH\View\View.php(229): CodeIgniter\View\View->CodeIgniter\View\{closure}()
 4 SYSTEMPATH\Common.php(1188): CodeIgniter\View\View->render('main/barangay', [], true)
 5 APPPATH\Controllers\InformationController.php(19): view('main/barangay')
 6 SYSTEMPATH\CodeIgniter.php(919): App\Controllers\InformationController->barangay()
 7 SYSTEMPATH\CodeIgniter.php(494): CodeIgniter\CodeIgniter->runController(Object(App\Controllers\InformationController))
 8 SYSTEMPATH\CodeIgniter.php(353): CodeIgniter\CodeIgniter->handleRequest(null, Object(Config\Cache), false)
 9 FCPATH\index.php(79): CodeIgniter\CodeIgniter->run()
10 SYSTEMPATH\Commands\Server\rewrite.php(47): require_once('C:\\laragon\\www\\appdevproj\\public\\index.php')
CRITICAL - 2023-11-02 11:55:11 --> Undefined variable $info
in APPPATH\Views\main\barangay.php on line 68.
 1 APPPATH\Views\main\barangay.php(68): CodeIgniter\Debug\Exceptions->errorHandler(2, 'Undefined variable $info', 'C:\\laragon\\www\\appdevproj\\app\\Views\\main\\barangay.php', 68)
 2 SYSTEMPATH\View\View.php(226): include('C:\\laragon\\www\\appdevproj\\app\\Views\\main\\barangay.php')
 3 SYSTEMPATH\View\View.php(229): CodeIgniter\View\View->CodeIgniter\View\{closure}()
 4 SYSTEMPATH\Common.php(1188): CodeIgniter\View\View->render('main/barangay', [], true)
 5 APPPATH\Controllers\InformationController.php(19): view('main/barangay')
 6 SYSTEMPATH\CodeIgniter.php(919): App\Controllers\InformationController->barangay()
 7 SYSTEMPATH\CodeIgniter.php(494): CodeIgniter\CodeIgniter->runController(Object(App\Controllers\InformationController))
 8 SYSTEMPATH\CodeIgniter.php(353): CodeIgniter\CodeIgniter->handleRequest(null, Object(Config\Cache), false)
 9 FCPATH\index.php(79): CodeIgniter\CodeIgniter->run()
10 SYSTEMPATH\Commands\Server\rewrite.php(47): require_once('C:\\laragon\\www\\appdevproj\\public\\index.php')
CRITICAL - 2023-11-02 11:55:11 --> Undefined variable $info
in APPPATH\Views\main\barangay.php on line 68.
 1 APPPATH\Views\main\barangay.php(68): CodeIgniter\Debug\Exceptions->errorHandler(2, 'Undefined variable $info', 'C:\\laragon\\www\\appdevproj\\app\\Views\\main\\barangay.php', 68)
 2 SYSTEMPATH\View\View.php(226): include('C:\\laragon\\www\\appdevproj\\app\\Views\\main\\barangay.php')
 3 SYSTEMPATH\View\View.php(229): CodeIgniter\View\View->CodeIgniter\View\{closure}()
 4 SYSTEMPATH\Common.php(1188): CodeIgniter\View\View->render('main/barangay', [], true)
 5 APPPATH\Controllers\InformationController.php(19): view('main/barangay')
 6 SYSTEMPATH\CodeIgniter.php(919): App\Controllers\InformationController->barangay()
 7 SYSTEMPATH\CodeIgniter.php(494): CodeIgniter\CodeIgniter->runController(Object(App\Controllers\InformationController))
 8 SYSTEMPATH\CodeIgniter.php(353): CodeIgniter\CodeIgniter->handleRequest(null, Object(Config\Cache), false)
 9 FCPATH\index.php(79): CodeIgniter\CodeIgniter->run()
10 SYSTEMPATH\Commands\Server\rewrite.php(47): require_once('C:\\laragon\\www\\appdevproj\\public\\index.php')
CRITICAL - 2023-11-02 11:55:12 --> Undefined variable $info
in APPPATH\Views\main\barangay.php on line 68.
 1 APPPATH\Views\main\barangay.php(68): CodeIgniter\Debug\Exceptions->errorHandler(2, 'Undefined variable $info', 'C:\\laragon\\www\\appdevproj\\app\\Views\\main\\barangay.php', 68)
 2 SYSTEMPATH\View\View.php(226): include('C:\\laragon\\www\\appdevproj\\app\\Views\\main\\barangay.php')
 3 SYSTEMPATH\View\View.php(229): CodeIgniter\View\View->CodeIgniter\View\{closure}()
 4 SYSTEMPATH\Common.php(1188): CodeIgniter\View\View->render('main/barangay', [], true)
 5 APPPATH\Controllers\InformationController.php(19): view('main/barangay')
 6 SYSTEMPATH\CodeIgniter.php(919): App\Controllers\InformationController->barangay()
 7 SYSTEMPATH\CodeIgniter.php(494): CodeIgniter\CodeIgniter->runController(Object(App\Controllers\InformationController))
 8 SYSTEMPATH\CodeIgniter.php(353): CodeIgniter\CodeIgniter->handleRequest(null, Object(Config\Cache), false)
 9 FCPATH\index.php(79): CodeIgniter\CodeIgniter->run()
10 SYSTEMPATH\Commands\Server\rewrite.php(47): require_once('C:\\laragon\\www\\appdevproj\\public\\index.php')
CRITICAL - 2023-11-02 12:11:35 --> syntax error, unexpected token "}", expecting "," or ";"
in APPPATH\Views\main\barangay.php on line 71.
 1 SYSTEMPATH\View\View.php(229): CodeIgniter\View\View->CodeIgniter\View\{closure}()
 2 SYSTEMPATH\Common.php(1188): CodeIgniter\View\View->render('main/barangay', [], true)
 3 APPPATH\Controllers\InformationController.php(20): view('main/barangay', [...])
 4 SYSTEMPATH\CodeIgniter.php(919): App\Controllers\InformationController->barangay()
 5 SYSTEMPATH\CodeIgniter.php(494): CodeIgniter\CodeIgniter->runController(Object(App\Controllers\InformationController))
 6 SYSTEMPATH\CodeIgniter.php(353): CodeIgniter\CodeIgniter->handleRequest(null, Object(Config\Cache), false)
 7 FCPATH\index.php(79): CodeIgniter\CodeIgniter->run()
 8 SYSTEMPATH\Commands\Server\rewrite.php(47): require_once('C:\\laragon\\www\\appdevproj\\public\\index.php')
CRITICAL - 2023-11-02 12:11:44 --> syntax error, unexpected token "}", expecting "," or ";"
in APPPATH\Views\main\barangay.php on line 71.
 1 SYSTEMPATH\View\View.php(229): CodeIgniter\View\View->CodeIgniter\View\{closure}()
 2 SYSTEMPATH\Common.php(1188): CodeIgniter\View\View->render('main/barangay', [], true)
 3 APPPATH\Controllers\InformationController.php(20): view('main/barangay', [...])
 4 SYSTEMPATH\CodeIgniter.php(919): App\Controllers\InformationController->barangay()
 5 SYSTEMPATH\CodeIgniter.php(494): CodeIgniter\CodeIgniter->runController(Object(App\Controllers\InformationController))
 6 SYSTEMPATH\CodeIgniter.php(353): CodeIgniter\CodeIgniter->handleRequest(null, Object(Config\Cache), false)
 7 FCPATH\index.php(79): CodeIgniter\CodeIgniter->run()
 8 SYSTEMPATH\Commands\Server\rewrite.php(47): require_once('C:\\laragon\\www\\appdevproj\\public\\index.php')
CRITICAL - 2023-11-02 12:12:35 --> syntax error, unexpected token "echo"
in APPPATH\Views\main\barangay.php on line 72.
 1 SYSTEMPATH\View\View.php(229): CodeIgniter\View\View->CodeIgniter\View\{closure}()
 2 SYSTEMPATH\Common.php(1188): CodeIgniter\View\View->render('main/barangay', [], true)
 3 APPPATH\Controllers\InformationController.php(20): view('main/barangay', [...])
 4 SYSTEMPATH\CodeIgniter.php(919): App\Controllers\InformationController->barangay()
 5 SYSTEMPATH\CodeIgniter.php(494): CodeIgniter\CodeIgniter->runController(Object(App\Controllers\InformationController))
 6 SYSTEMPATH\CodeIgniter.php(353): CodeIgniter\CodeIgniter->handleRequest(null, Object(Config\Cache), false)
 7 FCPATH\index.php(79): CodeIgniter\CodeIgniter->run()
 8 SYSTEMPATH\Commands\Server\rewrite.php(47): require_once('C:\\laragon\\www\\appdevproj\\public\\index.php')
CRITICAL - 2023-11-02 12:12:43 --> syntax error, unexpected token "echo"
in APPPATH\Views\main\barangay.php on line 72.
 1 SYSTEMPATH\View\View.php(229): CodeIgniter\View\View->CodeIgniter\View\{closure}()
 2 SYSTEMPATH\Common.php(1188): CodeIgniter\View\View->render('main/barangay', [], true)
 3 APPPATH\Controllers\InformationController.php(20): view('main/barangay', [...])
 4 SYSTEMPATH\CodeIgniter.php(919): App\Controllers\InformationController->barangay()
 5 SYSTEMPATH\CodeIgniter.php(494): CodeIgniter\CodeIgniter->runController(Object(App\Controllers\InformationController))
 6 SYSTEMPATH\CodeIgniter.php(353): CodeIgniter\CodeIgniter->handleRequest(null, Object(Config\Cache), false)
 7 FCPATH\index.php(79): CodeIgniter\CodeIgniter->run()
 8 SYSTEMPATH\Commands\Server\rewrite.php(47): require_once('C:\\laragon\\www\\appdevproj\\public\\index.php')
CRITICAL - 2023-11-02 12:12:56 --> syntax error, unexpected token "echo"
in APPPATH\Views\main\barangay.php on line 72.
 1 SYSTEMPATH\View\View.php(229): CodeIgniter\View\View->CodeIgniter\View\{closure}()
 2 SYSTEMPATH\Common.php(1188): CodeIgniter\View\View->render('main/barangay', [], true)
 3 APPPATH\Controllers\InformationController.php(20): view('main/barangay', [...])
 4 SYSTEMPATH\CodeIgniter.php(919): App\Controllers\InformationController->barangay()
 5 SYSTEMPATH\CodeIgniter.php(494): CodeIgniter\CodeIgniter->runController(Object(App\Controllers\InformationController))
 6 SYSTEMPATH\CodeIgniter.php(353): CodeIgniter\CodeIgniter->handleRequest(null, Object(Config\Cache), false)
 7 FCPATH\index.php(79): CodeIgniter\CodeIgniter->run()
 8 SYSTEMPATH\Commands\Server\rewrite.php(47): require_once('C:\\laragon\\www\\appdevproj\\public\\index.php')
CRITICAL - 2023-11-02 12:12:57 --> syntax error, unexpected token "echo"
in APPPATH\Views\main\barangay.php on line 72.
 1 SYSTEMPATH\View\View.php(229): CodeIgniter\View\View->CodeIgniter\View\{closure}()
 2 SYSTEMPATH\Common.php(1188): CodeIgniter\View\View->render('main/barangay', [], true)
 3 APPPATH\Controllers\InformationController.php(20): view('main/barangay', [...])
 4 SYSTEMPATH\CodeIgniter.php(919): App\Controllers\InformationController->barangay()
 5 SYSTEMPATH\CodeIgniter.php(494): CodeIgniter\CodeIgniter->runController(Object(App\Controllers\InformationController))
 6 SYSTEMPATH\CodeIgniter.php(353): CodeIgniter\CodeIgniter->handleRequest(null, Object(Config\Cache), false)
 7 FCPATH\index.php(79): CodeIgniter\CodeIgniter->run()
 8 SYSTEMPATH\Commands\Server\rewrite.php(47): require_once('C:\\laragon\\www\\appdevproj\\public\\index.php')
CRITICAL - 2023-11-02 12:12:57 --> syntax error, unexpected token "echo"
in APPPATH\Views\main\barangay.php on line 72.
 1 SYSTEMPATH\View\View.php(229): CodeIgniter\View\View->CodeIgniter\View\{closure}()
 2 SYSTEMPATH\Common.php(1188): CodeIgniter\View\View->render('main/barangay', [], true)
 3 APPPATH\Controllers\InformationController.php(20): view('main/barangay', [...])
 4 SYSTEMPATH\CodeIgniter.php(919): App\Controllers\InformationController->barangay()
 5 SYSTEMPATH\CodeIgniter.php(494): CodeIgniter\CodeIgniter->runController(Object(App\Controllers\InformationController))
 6 SYSTEMPATH\CodeIgniter.php(353): CodeIgniter\CodeIgniter->handleRequest(null, Object(Config\Cache), false)
 7 FCPATH\index.php(79): CodeIgniter\CodeIgniter->run()
 8 SYSTEMPATH\Commands\Server\rewrite.php(47): require_once('C:\\laragon\\www\\appdevproj\\public\\index.php')
CRITICAL - 2023-11-02 12:12:58 --> syntax error, unexpected token "echo"
in APPPATH\Views\main\barangay.php on line 72.
 1 SYSTEMPATH\View\View.php(229): CodeIgniter\View\View->CodeIgniter\View\{closure}()
 2 SYSTEMPATH\Common.php(1188): CodeIgniter\View\View->render('main/barangay', [], true)
 3 APPPATH\Controllers\InformationController.php(20): view('main/barangay', [...])
 4 SYSTEMPATH\CodeIgniter.php(919): App\Controllers\InformationController->barangay()
 5 SYSTEMPATH\CodeIgniter.php(494): CodeIgniter\CodeIgniter->runController(Object(App\Controllers\InformationController))
 6 SYSTEMPATH\CodeIgniter.php(353): CodeIgniter\CodeIgniter->handleRequest(null, Object(Config\Cache), false)
 7 FCPATH\index.php(79): CodeIgniter\CodeIgniter->run()
 8 SYSTEMPATH\Commands\Server\rewrite.php(47): require_once('C:\\laragon\\www\\appdevproj\\public\\index.php')
CRITICAL - 2023-11-02 12:12:58 --> syntax error, unexpected token "echo"
in APPPATH\Views\main\barangay.php on line 72.
 1 SYSTEMPATH\View\View.php(229): CodeIgniter\View\View->CodeIgniter\View\{closure}()
 2 SYSTEMPATH\Common.php(1188): CodeIgniter\View\View->render('main/barangay', [], true)
 3 APPPATH\Controllers\InformationController.php(20): view('main/barangay', [...])
 4 SYSTEMPATH\CodeIgniter.php(919): App\Controllers\InformationController->barangay()
 5 SYSTEMPATH\CodeIgniter.php(494): CodeIgniter\CodeIgniter->runController(Object(App\Controllers\InformationController))
 6 SYSTEMPATH\CodeIgniter.php(353): CodeIgniter\CodeIgniter->handleRequest(null, Object(Config\Cache), false)
 7 FCPATH\index.php(79): CodeIgniter\CodeIgniter->run()
 8 SYSTEMPATH\Commands\Server\rewrite.php(47): require_once('C:\\laragon\\www\\appdevproj\\public\\index.php')
CRITICAL - 2023-11-02 12:13:17 --> syntax error, unexpected token "echo"
in APPPATH\Views\main\barangay.php on line 72.
 1 SYSTEMPATH\View\View.php(229): CodeIgniter\View\View->CodeIgniter\View\{closure}()
 2 SYSTEMPATH\Common.php(1188): CodeIgniter\View\View->render('main/barangay', [], true)
 3 APPPATH\Controllers\InformationController.php(20): view('main/barangay', [...])
 4 SYSTEMPATH\CodeIgniter.php(919): App\Controllers\InformationController->barangay()
 5 SYSTEMPATH\CodeIgniter.php(494): CodeIgniter\CodeIgniter->runController(Object(App\Controllers\InformationController))
 6 SYSTEMPATH\CodeIgniter.php(353): CodeIgniter\CodeIgniter->handleRequest(null, Object(Config\Cache), false)
 7 FCPATH\index.php(79): CodeIgniter\CodeIgniter->run()
 8 SYSTEMPATH\Commands\Server\rewrite.php(47): require_once('C:\\laragon\\www\\appdevproj\\public\\index.php')
CRITICAL - 2023-11-02 12:13:26 --> syntax error, unexpected token "endforeach", expecting "elseif" or "else" or "endif"
in APPPATH\Views\main\barangay.php on line 75.
 1 SYSTEMPATH\View\View.php(229): CodeIgniter\View\View->CodeIgniter\View\{closure}()
 2 SYSTEMPATH\Common.php(1188): CodeIgniter\View\View->render('main/barangay', [], true)
 3 APPPATH\Controllers\InformationController.php(20): view('main/barangay', [...])
 4 SYSTEMPATH\CodeIgniter.php(919): App\Controllers\InformationController->barangay()
 5 SYSTEMPATH\CodeIgniter.php(494): CodeIgniter\CodeIgniter->runController(Object(App\Controllers\InformationController))
 6 SYSTEMPATH\CodeIgniter.php(353): CodeIgniter\CodeIgniter->handleRequest(null, Object(Config\Cache), false)
 7 FCPATH\index.php(79): CodeIgniter\CodeIgniter->run()
 8 SYSTEMPATH\Commands\Server\rewrite.php(47): require_once('C:\\laragon\\www\\appdevproj\\public\\index.php')
CRITICAL - 2023-11-02 12:13:27 --> syntax error, unexpected token "endforeach", expecting "elseif" or "else" or "endif"
in APPPATH\Views\main\barangay.php on line 75.
 1 SYSTEMPATH\View\View.php(229): CodeIgniter\View\View->CodeIgniter\View\{closure}()
 2 SYSTEMPATH\Common.php(1188): CodeIgniter\View\View->render('main/barangay', [], true)
 3 APPPATH\Controllers\InformationController.php(20): view('main/barangay', [...])
 4 SYSTEMPATH\CodeIgniter.php(919): App\Controllers\InformationController->barangay()
 5 SYSTEMPATH\CodeIgniter.php(494): CodeIgniter\CodeIgniter->runController(Object(App\Controllers\InformationController))
 6 SYSTEMPATH\CodeIgniter.php(353): CodeIgniter\CodeIgniter->handleRequest(null, Object(Config\Cache), false)
 7 FCPATH\index.php(79): CodeIgniter\CodeIgniter->run()
 8 SYSTEMPATH\Commands\Server\rewrite.php(47): require_once('C:\\laragon\\www\\appdevproj\\public\\index.php')
CRITICAL - 2023-11-02 12:25:57 --> syntax error, unexpected token "echo"
in APPPATH\Views\main\barangay.php on line 71.
 1 SYSTEMPATH\View\View.php(229): CodeIgniter\View\View->CodeIgniter\View\{closure}()
 2 SYSTEMPATH\Common.php(1188): CodeIgniter\View\View->render('main/barangay', [], true)
 3 APPPATH\Controllers\InformationController.php(20): view('main/barangay', [...])
 4 SYSTEMPATH\CodeIgniter.php(919): App\Controllers\InformationController->barangay()
 5 SYSTEMPATH\CodeIgniter.php(494): CodeIgniter\CodeIgniter->runController(Object(App\Controllers\InformationController))
 6 SYSTEMPATH\CodeIgniter.php(353): CodeIgniter\CodeIgniter->handleRequest(null, Object(Config\Cache), false)
 7 FCPATH\index.php(79): CodeIgniter\CodeIgniter->run()
 8 SYSTEMPATH\Commands\Server\rewrite.php(47): require_once('C:\\laragon\\www\\appdevproj\\public\\index.php')
CRITICAL - 2023-11-02 12:28:23 --> syntax error, unexpected token "=", expecting ")"
in APPPATH\Controllers\InformationController.php on line 19.
 1 SYSTEMPATH\Autoloader\Autoloader.php(285): CodeIgniter\Autoloader\Autoloader->includeFile('C:\\laragon\\www\\appdevproj\\app\\Controllers\\InformationController.php')
 2 SYSTEMPATH\Autoloader\Autoloader.php(263): CodeIgniter\Autoloader\Autoloader->loadInNamespace('App\\Controllers\\InformationController')
 3 [internal function]: CodeIgniter\Autoloader\Autoloader->loadClass('App\\Controllers\\InformationController')
 4 SYSTEMPATH\CodeIgniter.php(877): class_exists('\\App\\Controllers\\InformationController', true)
 5 SYSTEMPATH\CodeIgniter.php(481): CodeIgniter\CodeIgniter->startController()
 6 SYSTEMPATH\CodeIgniter.php(353): CodeIgniter\CodeIgniter->handleRequest(null, Object(Config\Cache), false)
 7 FCPATH\index.php(79): CodeIgniter\CodeIgniter->run()
 8 SYSTEMPATH\Commands\Server\rewrite.php(47): require_once('C:\\laragon\\www\\appdevproj\\public\\index.php')
CRITICAL - 2023-11-02 12:28:30 --> syntax error, unexpected identifier "findAll"
in APPPATH\Controllers\InformationController.php on line 19.
 1 SYSTEMPATH\Autoloader\Autoloader.php(285): CodeIgniter\Autoloader\Autoloader->includeFile('C:\\laragon\\www\\appdevproj\\app\\Controllers\\InformationController.php')
 2 SYSTEMPATH\Autoloader\Autoloader.php(263): CodeIgniter\Autoloader\Autoloader->loadInNamespace('App\\Controllers\\InformationController')
 3 [internal function]: CodeIgniter\Autoloader\Autoloader->loadClass('App\\Controllers\\InformationController')
 4 SYSTEMPATH\CodeIgniter.php(877): class_exists('\\App\\Controllers\\InformationController', true)
 5 SYSTEMPATH\CodeIgniter.php(481): CodeIgniter\CodeIgniter->startController()
 6 SYSTEMPATH\CodeIgniter.php(353): CodeIgniter\CodeIgniter->handleRequest(null, Object(Config\Cache), false)
 7 FCPATH\index.php(79): CodeIgniter\CodeIgniter->run()
 8 SYSTEMPATH\Commands\Server\rewrite.php(47): require_once('C:\\laragon\\www\\appdevproj\\public\\index.php')
CRITICAL - 2023-11-02 12:28:31 --> syntax error, unexpected identifier "findAll"
in APPPATH\Controllers\InformationController.php on line 19.
 1 SYSTEMPATH\Autoloader\Autoloader.php(285): CodeIgniter\Autoloader\Autoloader->includeFile('C:\\laragon\\www\\appdevproj\\app\\Controllers\\InformationController.php')
 2 SYSTEMPATH\Autoloader\Autoloader.php(263): CodeIgniter\Autoloader\Autoloader->loadInNamespace('App\\Controllers\\InformationController')
 3 [internal function]: CodeIgniter\Autoloader\Autoloader->loadClass('App\\Controllers\\InformationController')
 4 SYSTEMPATH\CodeIgniter.php(877): class_exists('\\App\\Controllers\\InformationController', true)
 5 SYSTEMPATH\CodeIgniter.php(481): CodeIgniter\CodeIgniter->startController()
 6 SYSTEMPATH\CodeIgniter.php(353): CodeIgniter\CodeIgniter->handleRequest(null, Object(Config\Cache), false)
 7 FCPATH\index.php(79): CodeIgniter\CodeIgniter->run()
 8 SYSTEMPATH\Commands\Server\rewrite.php(47): require_once('C:\\laragon\\www\\appdevproj\\public\\index.php')
CRITICAL - 2023-11-02 12:28:33 --> syntax error, unexpected identifier "findAll"
in APPPATH\Controllers\InformationController.php on line 19.
 1 SYSTEMPATH\Autoloader\Autoloader.php(285): CodeIgniter\Autoloader\Autoloader->includeFile('C:\\laragon\\www\\appdevproj\\app\\Controllers\\InformationController.php')
 2 SYSTEMPATH\Autoloader\Autoloader.php(263): CodeIgniter\Autoloader\Autoloader->loadInNamespace('App\\Controllers\\InformationController')
 3 [internal function]: CodeIgniter\Autoloader\Autoloader->loadClass('App\\Controllers\\InformationController')
 4 SYSTEMPATH\CodeIgniter.php(877): class_exists('\\App\\Controllers\\InformationController', true)
 5 SYSTEMPATH\CodeIgniter.php(481): CodeIgniter\CodeIgniter->startController()
 6 SYSTEMPATH\CodeIgniter.php(353): CodeIgniter\CodeIgniter->handleRequest(null, Object(Config\Cache), false)
 7 FCPATH\index.php(79): CodeIgniter\CodeIgniter->run()
 8 SYSTEMPATH\Commands\Server\rewrite.php(47): require_once('C:\\laragon\\www\\appdevproj\\public\\index.php')
CRITICAL - 2023-11-02 12:29:35 --> foreach() argument must be of type array|object, null given
in APPPATH\Views\main\barangay.php on line 68.
 1 APPPATH\Views\main\barangay.php(68): CodeIgniter\Debug\Exceptions->errorHandler(2, 'foreach() argument must be of type array|object, null given', 'C:\\laragon\\www\\appdevproj\\app\\Views\\main\\barangay.php', 68)
 2 SYSTEMPATH\View\View.php(226): include('C:\\laragon\\www\\appdevproj\\app\\Views\\main\\barangay.php')
 3 SYSTEMPATH\View\View.php(229): CodeIgniter\View\View->CodeIgniter\View\{closure}()
 4 SYSTEMPATH\Common.php(1188): CodeIgniter\View\View->render('main/barangay', [], true)
 5 APPPATH\Controllers\InformationController.php(20): view('main/barangay', [...])
 6 SYSTEMPATH\CodeIgniter.php(919): App\Controllers\InformationController->barangay()
 7 SYSTEMPATH\CodeIgniter.php(494): CodeIgniter\CodeIgniter->runController(Object(App\Controllers\InformationController))
 8 SYSTEMPATH\CodeIgniter.php(353): CodeIgniter\CodeIgniter->handleRequest(null, Object(Config\Cache), false)
 9 FCPATH\index.php(79): CodeIgniter\CodeIgniter->run()
10 SYSTEMPATH\Commands\Server\rewrite.php(47): require_once('C:\\laragon\\www\\appdevproj\\public\\index.php')
ERROR - 2023-11-02 13:46:32 --> mysqli_sql_exception: Column 'BarangayName' cannot be null in C:\laragon\www\appdevproj\system\Database\MySQLi\Connection.php:306
Stack trace:
#0 C:\laragon\www\appdevproj\system\Database\MySQLi\Connection.php(306): mysqli->query('INSERT INTO `ba...', 0)
#1 C:\laragon\www\appdevproj\system\Database\BaseConnection.php(692): CodeIgniter\Database\MySQLi\Connection->execute('INSERT INTO `ba...')
#2 C:\laragon\www\appdevproj\system\Database\BaseConnection.php(606): CodeIgniter\Database\BaseConnection->simpleQuery('INSERT INTO `ba...')
#3 C:\laragon\www\appdevproj\system\Database\BaseBuilder.php(2308): CodeIgniter\Database\BaseConnection->query('INSERT INTO `ba...', Array, false)
#4 C:\laragon\www\appdevproj\system\Model.php(319): CodeIgniter\Database\BaseBuilder->insert()
#5 C:\laragon\www\appdevproj\system\BaseModel.php(788): CodeIgniter\Model->doInsert(Array)
#6 C:\laragon\www\appdevproj\system\Model.php(715): CodeIgniter\BaseModel->insert(Array, false)
#7 C:\laragon\www\appdevproj\system\BaseModel.php(698): CodeIgniter\Model->insert(Array, false)
#8 C:\laragon\www\appdevproj\app\Controllers\InformationController.php(57): CodeIgniter\BaseModel->save(Array)
#9 C:\laragon\www\appdevproj\system\CodeIgniter.php(919): App\Controllers\InformationController->insertInformation()
#10 C:\laragon\www\appdevproj\system\CodeIgniter.php(494): CodeIgniter\CodeIgniter->runController(Object(App\Controllers\InformationController))
#11 C:\laragon\www\appdevproj\system\CodeIgniter.php(353): CodeIgniter\CodeIgniter->handleRequest(NULL, Object(Config\Cache), false)
#12 C:\laragon\www\appdevproj\public\index.php(79): CodeIgniter\CodeIgniter->run()
#13 C:\laragon\www\appdevproj\system\Commands\Server\rewrite.php(47): require_once('C:\\laragon\\www\\...')
#14 {main}
CRITICAL - 2023-11-02 13:46:32 --> Column 'BarangayName' cannot be null
in SYSTEMPATH\Database\BaseConnection.php on line 646.
 1 SYSTEMPATH\Database\BaseBuilder.php(2308): CodeIgniter\Database\BaseConnection->query('INSERT INTO `barangayinformation` (`BarangayName`, `barangayPopulation`, `populationYear`) VALUES (:BarangayName:, :barangayPopulation:, :populationYear:)', [...], false)
 2 SYSTEMPATH\Model.php(319): CodeIgniter\Database\BaseBuilder->insert()
 3 SYSTEMPATH\BaseModel.php(788): CodeIgniter\Model->doInsert([...])
 4 SYSTEMPATH\Model.php(715): CodeIgniter\BaseModel->insert([...], false)
 5 SYSTEMPATH\BaseModel.php(698): CodeIgniter\Model->insert([...], false)
 6 APPPATH\Controllers\InformationController.php(57): CodeIgniter\BaseModel->save([...])
 7 SYSTEMPATH\CodeIgniter.php(919): App\Controllers\InformationController->insertInformation()
 8 SYSTEMPATH\CodeIgniter.php(494): CodeIgniter\CodeIgniter->runController(Object(App\Controllers\InformationController))
 9 SYSTEMPATH\CodeIgniter.php(353): CodeIgniter\CodeIgniter->handleRequest(null, Object(Config\Cache), false)
10 FCPATH\index.php(79): CodeIgniter\CodeIgniter->run()
11 SYSTEMPATH\Commands\Server\rewrite.php(47): require_once('C:\\laragon\\www\\appdevproj\\public\\index.php')
ERROR - 2023-11-02 13:48:23 --> mysqli_sql_exception: Column 'FiscalYear' cannot be null in C:\laragon\www\appdevproj\system\Database\MySQLi\Connection.php:306
Stack trace:
#0 C:\laragon\www\appdevproj\system\Database\MySQLi\Connection.php(306): mysqli->query('INSERT INTO `tb...', 0)
#1 C:\laragon\www\appdevproj\system\Database\BaseConnection.php(692): CodeIgniter\Database\MySQLi\Connection->execute('INSERT INTO `tb...')
#2 C:\laragon\www\appdevproj\system\Database\BaseConnection.php(606): CodeIgniter\Database\BaseConnection->simpleQuery('INSERT INTO `tb...')
#3 C:\laragon\www\appdevproj\system\Database\BaseBuilder.php(2308): CodeIgniter\Database\BaseConnection->query('INSERT INTO `tb...', Array, false)
#4 C:\laragon\www\appdevproj\system\Model.php(319): CodeIgniter\Database\BaseBuilder->insert()
#5 C:\laragon\www\appdevproj\system\BaseModel.php(788): CodeIgniter\Model->doInsert(Array)
#6 C:\laragon\www\appdevproj\system\Model.php(715): CodeIgniter\BaseModel->insert(Array, false)
#7 C:\laragon\www\appdevproj\system\BaseModel.php(698): CodeIgniter\Model->insert(Array, false)
#8 C:\laragon\www\appdevproj\app\Controllers\InformationController.php(67): CodeIgniter\BaseModel->save(Array)
#9 C:\laragon\www\appdevproj\system\CodeIgniter.php(919): App\Controllers\InformationController->insertFinance()
#10 C:\laragon\www\appdevproj\system\CodeIgniter.php(494): CodeIgniter\CodeIgniter->runController(Object(App\Controllers\InformationController))
#11 C:\laragon\www\appdevproj\system\CodeIgniter.php(353): CodeIgniter\CodeIgniter->handleRequest(NULL, Object(Config\Cache), false)
#12 C:\laragon\www\appdevproj\public\index.php(79): CodeIgniter\CodeIgniter->run()
#13 C:\laragon\www\appdevproj\system\Commands\Server\rewrite.php(47): require_once('C:\\laragon\\www\\...')
#14 {main}
CRITICAL - 2023-11-02 13:48:23 --> Column 'FiscalYear' cannot be null
in SYSTEMPATH\Database\BaseConnection.php on line 646.
 1 SYSTEMPATH\Database\BaseBuilder.php(2308): CodeIgniter\Database\BaseConnection->query('INSERT INTO `tblfinance` (`FiscalYear`) VALUES (:FiscalYear:)', [...], false)
 2 SYSTEMPATH\Model.php(319): CodeIgniter\Database\BaseBuilder->insert()
 3 SYSTEMPATH\BaseModel.php(788): CodeIgniter\Model->doInsert([...])
 4 SYSTEMPATH\Model.php(715): CodeIgniter\BaseModel->insert([...], false)
 5 SYSTEMPATH\BaseModel.php(698): CodeIgniter\Model->insert([...], false)
 6 APPPATH\Controllers\InformationController.php(67): CodeIgniter\BaseModel->save([...])
 7 SYSTEMPATH\CodeIgniter.php(919): App\Controllers\InformationController->insertFinance()
 8 SYSTEMPATH\CodeIgniter.php(494): CodeIgniter\CodeIgniter->runController(Object(App\Controllers\InformationController))
 9 SYSTEMPATH\CodeIgniter.php(353): CodeIgniter\CodeIgniter->handleRequest(null, Object(Config\Cache), false)
10 FCPATH\index.php(79): CodeIgniter\CodeIgniter->run()
11 SYSTEMPATH\Commands\Server\rewrite.php(47): require_once('C:\\laragon\\www\\appdevproj\\public\\index.php')
ERROR - 2023-11-02 13:48:55 --> mysqli_sql_exception: Column 'FiscalYear' cannot be null in C:\laragon\www\appdevproj\system\Database\MySQLi\Connection.php:306
Stack trace:
#0 C:\laragon\www\appdevproj\system\Database\MySQLi\Connection.php(306): mysqli->query('INSERT INTO `tb...', 0)
#1 C:\laragon\www\appdevproj\system\Database\BaseConnection.php(692): CodeIgniter\Database\MySQLi\Connection->execute('INSERT INTO `tb...')
#2 C:\laragon\www\appdevproj\system\Database\BaseConnection.php(606): CodeIgniter\Database\BaseConnection->simpleQuery('INSERT INTO `tb...')
#3 C:\laragon\www\appdevproj\system\Database\BaseBuilder.php(2308): CodeIgniter\Database\BaseConnection->query('INSERT INTO `tb...', Array, false)
#4 C:\laragon\www\appdevproj\system\Model.php(319): CodeIgniter\Database\BaseBuilder->insert()
#5 C:\laragon\www\appdevproj\system\BaseModel.php(788): CodeIgniter\Model->doInsert(Array)
#6 C:\laragon\www\appdevproj\system\Model.php(715): CodeIgniter\BaseModel->insert(Array, false)
#7 C:\laragon\www\appdevproj\system\BaseModel.php(698): CodeIgniter\Model->insert(Array, false)
#8 C:\laragon\www\appdevproj\app\Controllers\InformationController.php(67): CodeIgniter\BaseModel->save(Array)
#9 C:\laragon\www\appdevproj\system\CodeIgniter.php(919): App\Controllers\InformationController->insertFinance()
#10 C:\laragon\www\appdevproj\system\CodeIgniter.php(494): CodeIgniter\CodeIgniter->runController(Object(App\Controllers\InformationController))
#11 C:\laragon\www\appdevproj\system\CodeIgniter.php(353): CodeIgniter\CodeIgniter->handleRequest(NULL, Object(Config\Cache), false)
#12 C:\laragon\www\appdevproj\public\index.php(79): CodeIgniter\CodeIgniter->run()
#13 C:\laragon\www\appdevproj\system\Commands\Server\rewrite.php(47): require_once('C:\\laragon\\www\\...')
#14 {main}
CRITICAL - 2023-11-02 13:48:55 --> Column 'FiscalYear' cannot be null
in SYSTEMPATH\Database\BaseConnection.php on line 646.
 1 SYSTEMPATH\Database\BaseBuilder.php(2308): CodeIgniter\Database\BaseConnection->query('INSERT INTO `tblfinance` (`FiscalYear`) VALUES (:FiscalYear:)', [...], false)
 2 SYSTEMPATH\Model.php(319): CodeIgniter\Database\BaseBuilder->insert()
 3 SYSTEMPATH\BaseModel.php(788): CodeIgniter\Model->doInsert([...])
 4 SYSTEMPATH\Model.php(715): CodeIgniter\BaseModel->insert([...], false)
 5 SYSTEMPATH\BaseModel.php(698): CodeIgniter\Model->insert([...], false)
 6 APPPATH\Controllers\InformationController.php(67): CodeIgniter\BaseModel->save([...])
 7 SYSTEMPATH\CodeIgniter.php(919): App\Controllers\InformationController->insertFinance()
 8 SYSTEMPATH\CodeIgniter.php(494): CodeIgniter\CodeIgniter->runController(Object(App\Controllers\InformationController))
 9 SYSTEMPATH\CodeIgniter.php(353): CodeIgniter\CodeIgniter->handleRequest(null, Object(Config\Cache), false)
10 FCPATH\index.php(79): CodeIgniter\CodeIgniter->run()
11 SYSTEMPATH\Commands\Server\rewrite.php(47): require_once('C:\\laragon\\www\\appdevproj\\public\\index.php')
CRITICAL - 2023-11-02 13:50:29 --> syntax error, unexpected identifier "t"
in APPPATH\Config\Routes.php on line 12.
 1 SYSTEMPATH\CodeIgniter.php(787): CodeIgniter\Router\RouteCollection->loadRoutes()
 2 SYSTEMPATH\CodeIgniter.php(442): CodeIgniter\CodeIgniter->tryToRouteIt(null)
 3 SYSTEMPATH\CodeIgniter.php(353): CodeIgniter\CodeIgniter->handleRequest(null, Object(Config\Cache), false)
 4 FCPATH\index.php(79): CodeIgniter\CodeIgniter->run()
 5 SYSTEMPATH\Commands\Server\rewrite.php(47): require_once('C:\\laragon\\www\\appdevproj\\public\\index.php')
CRITICAL - 2023-11-02 14:05:16 --> Undefined variable $fin
in APPPATH\Views\main\finance.php on line 68.
 1 APPPATH\Views\main\finance.php(68): CodeIgniter\Debug\Exceptions->errorHandler(2, 'Undefined variable $fin', 'C:\\laragon\\www\\appdevproj\\app\\Views\\main\\finance.php', 68)
 2 SYSTEMPATH\View\View.php(226): include('C:\\laragon\\www\\appdevproj\\app\\Views\\main\\finance.php')
 3 SYSTEMPATH\View\View.php(229): CodeIgniter\View\View->CodeIgniter\View\{closure}()
 4 SYSTEMPATH\Common.php(1188): CodeIgniter\View\View->render('main/finance', [], true)
 5 APPPATH\Controllers\InformationController.php(17): view('main/finance')
 6 SYSTEMPATH\CodeIgniter.php(919): App\Controllers\InformationController->Finance()
 7 SYSTEMPATH\CodeIgniter.php(494): CodeIgniter\CodeIgniter->runController(Object(App\Controllers\InformationController))
 8 SYSTEMPATH\CodeIgniter.php(353): CodeIgniter\CodeIgniter->handleRequest(null, Object(Config\Cache), false)
 9 FCPATH\index.php(79): CodeIgniter\CodeIgniter->run()
10 SYSTEMPATH\Commands\Server\rewrite.php(47): require_once('C:\\laragon\\www\\appdevproj\\public\\index.php')
CRITICAL - 2023-11-02 14:05:51 --> Undefined variable $fin
in APPPATH\Views\main\finance.php on line 68.
 1 APPPATH\Views\main\finance.php(68): CodeIgniter\Debug\Exceptions->errorHandler(2, 'Undefined variable $fin', 'C:\\laragon\\www\\appdevproj\\app\\Views\\main\\finance.php', 68)
 2 SYSTEMPATH\View\View.php(226): include('C:\\laragon\\www\\appdevproj\\app\\Views\\main\\finance.php')
 3 SYSTEMPATH\View\View.php(229): CodeIgniter\View\View->CodeIgniter\View\{closure}()
 4 SYSTEMPATH\Common.php(1188): CodeIgniter\View\View->render('main/finance', [], true)
 5 APPPATH\Controllers\InformationController.php(17): view('main/finance')
 6 SYSTEMPATH\CodeIgniter.php(919): App\Controllers\InformationController->Finance()
 7 SYSTEMPATH\CodeIgniter.php(494): CodeIgniter\CodeIgniter->runController(Object(App\Controllers\InformationController))
 8 SYSTEMPATH\CodeIgniter.php(353): CodeIgniter\CodeIgniter->handleRequest(null, Object(Config\Cache), false)
 9 FCPATH\index.php(79): CodeIgniter\CodeIgniter->run()
10 SYSTEMPATH\Commands\Server\rewrite.php(47): require_once('C:\\laragon\\www\\appdevproj\\public\\index.php')
CRITICAL - 2023-11-02 14:05:53 --> Undefined variable $fin
in APPPATH\Views\main\finance.php on line 68.
 1 APPPATH\Views\main\finance.php(68): CodeIgniter\Debug\Exceptions->errorHandler(2, 'Undefined variable $fin', 'C:\\laragon\\www\\appdevproj\\app\\Views\\main\\finance.php', 68)
 2 SYSTEMPATH\View\View.php(226): include('C:\\laragon\\www\\appdevproj\\app\\Views\\main\\finance.php')
 3 SYSTEMPATH\View\View.php(229): CodeIgniter\View\View->CodeIgniter\View\{closure}()
 4 SYSTEMPATH\Common.php(1188): CodeIgniter\View\View->render('main/finance', [], true)
 5 APPPATH\Controllers\InformationController.php(17): view('main/finance')
 6 SYSTEMPATH\CodeIgniter.php(919): App\Controllers\InformationController->Finance()
 7 SYSTEMPATH\CodeIgniter.php(494): CodeIgniter\CodeIgniter->runController(Object(App\Controllers\InformationController))
 8 SYSTEMPATH\CodeIgniter.php(353): CodeIgniter\CodeIgniter->handleRequest(null, Object(Config\Cache), false)
 9 FCPATH\index.php(79): CodeIgniter\CodeIgniter->run()
10 SYSTEMPATH\Commands\Server\rewrite.php(47): require_once('C:\\laragon\\www\\appdevproj\\public\\index.php')
CRITICAL - 2023-11-02 14:05:53 --> Undefined variable $fin
in APPPATH\Views\main\finance.php on line 68.
 1 APPPATH\Views\main\finance.php(68): CodeIgniter\Debug\Exceptions->errorHandler(2, 'Undefined variable $fin', 'C:\\laragon\\www\\appdevproj\\app\\Views\\main\\finance.php', 68)
 2 SYSTEMPATH\View\View.php(226): include('C:\\laragon\\www\\appdevproj\\app\\Views\\main\\finance.php')
 3 SYSTEMPATH\View\View.php(229): CodeIgniter\View\View->CodeIgniter\View\{closure}()
 4 SYSTEMPATH\Common.php(1188): CodeIgniter\View\View->render('main/finance', [], true)
 5 APPPATH\Controllers\InformationController.php(17): view('main/finance')
 6 SYSTEMPATH\CodeIgniter.php(919): App\Controllers\InformationController->Finance()
 7 SYSTEMPATH\CodeIgniter.php(494): CodeIgniter\CodeIgniter->runController(Object(App\Controllers\InformationController))
 8 SYSTEMPATH\CodeIgniter.php(353): CodeIgniter\CodeIgniter->handleRequest(null, Object(Config\Cache), false)
 9 FCPATH\index.php(79): CodeIgniter\CodeIgniter->run()
10 SYSTEMPATH\Commands\Server\rewrite.php(47): require_once('C:\\laragon\\www\\appdevproj\\public\\index.php')
CRITICAL - 2023-11-02 14:06:02 --> Undefined variable $fin
in APPPATH\Views\main\finance.php on line 68.
 1 APPPATH\Views\main\finance.php(68): CodeIgniter\Debug\Exceptions->errorHandler(2, 'Undefined variable $fin', 'C:\\laragon\\www\\appdevproj\\app\\Views\\main\\finance.php', 68)
 2 SYSTEMPATH\View\View.php(226): include('C:\\laragon\\www\\appdevproj\\app\\Views\\main\\finance.php')
 3 SYSTEMPATH\View\View.php(229): CodeIgniter\View\View->CodeIgniter\View\{closure}()
 4 SYSTEMPATH\Common.php(1188): CodeIgniter\View\View->render('main/finance', [], true)
 5 APPPATH\Controllers\InformationController.php(17): view('main/finance')
 6 SYSTEMPATH\CodeIgniter.php(919): App\Controllers\InformationController->Finance()
 7 SYSTEMPATH\CodeIgniter.php(494): CodeIgniter\CodeIgniter->runController(Object(App\Controllers\InformationController))
 8 SYSTEMPATH\CodeIgniter.php(353): CodeIgniter\CodeIgniter->handleRequest(null, Object(Config\Cache), false)
 9 FCPATH\index.php(79): CodeIgniter\CodeIgniter->run()
10 SYSTEMPATH\Commands\Server\rewrite.php(47): require_once('C:\\laragon\\www\\appdevproj\\public\\index.php')
CRITICAL - 2023-11-02 14:06:07 --> Undefined variable $fin
in APPPATH\Views\main\finance.php on line 68.
 1 APPPATH\Views\main\finance.php(68): CodeIgniter\Debug\Exceptions->errorHandler(2, 'Undefined variable $fin', 'C:\\laragon\\www\\appdevproj\\app\\Views\\main\\finance.php', 68)
 2 SYSTEMPATH\View\View.php(226): include('C:\\laragon\\www\\appdevproj\\app\\Views\\main\\finance.php')
 3 SYSTEMPATH\View\View.php(229): CodeIgniter\View\View->CodeIgniter\View\{closure}()
 4 SYSTEMPATH\Common.php(1188): CodeIgniter\View\View->render('main/finance', [], true)
 5 APPPATH\Controllers\InformationController.php(17): view('main/finance')
 6 SYSTEMPATH\CodeIgniter.php(919): App\Controllers\InformationController->Finance()
 7 SYSTEMPATH\CodeIgniter.php(494): CodeIgniter\CodeIgniter->runController(Object(App\Controllers\InformationController))
 8 SYSTEMPATH\CodeIgniter.php(353): CodeIgniter\CodeIgniter->handleRequest(null, Object(Config\Cache), false)
 9 FCPATH\index.php(79): CodeIgniter\CodeIgniter->run()
10 SYSTEMPATH\Commands\Server\rewrite.php(47): require_once('C:\\laragon\\www\\appdevproj\\public\\index.php')
CRITICAL - 2023-11-02 14:06:22 --> Undefined array key "FicalYear"
in APPPATH\Views\main\finance.php on line 69.
 1 APPPATH\Views\main\finance.php(69): CodeIgniter\Debug\Exceptions->errorHandler(2, 'Undefined array key "FicalYear"', 'C:\\laragon\\www\\appdevproj\\app\\Views\\main\\finance.php', 69)
 2 SYSTEMPATH\View\View.php(226): include('C:\\laragon\\www\\appdevproj\\app\\Views\\main\\finance.php')
 3 SYSTEMPATH\View\View.php(229): CodeIgniter\View\View->CodeIgniter\View\{closure}()
 4 SYSTEMPATH\Common.php(1188): CodeIgniter\View\View->render('main/finance', [], true)
 5 APPPATH\Controllers\InformationController.php(17): view('main/finance', [...])
 6 SYSTEMPATH\CodeIgniter.php(919): App\Controllers\InformationController->Finance()
 7 SYSTEMPATH\CodeIgniter.php(494): CodeIgniter\CodeIgniter->runController(Object(App\Controllers\InformationController))
 8 SYSTEMPATH\CodeIgniter.php(353): CodeIgniter\CodeIgniter->handleRequest(null, Object(Config\Cache), false)
 9 FCPATH\index.php(79): CodeIgniter\CodeIgniter->run()
10 SYSTEMPATH\Commands\Server\rewrite.php(47): require_once('C:\\laragon\\www\\appdevproj\\public\\index.php')
CRITICAL - 2023-11-02 14:06:59 --> Undefined array key "FicalYear"
in APPPATH\Views\main\finance.php on line 69.
 1 APPPATH\Views\main\finance.php(69): CodeIgniter\Debug\Exceptions->errorHandler(2, 'Undefined array key "FicalYear"', 'C:\\laragon\\www\\appdevproj\\app\\Views\\main\\finance.php', 69)
 2 SYSTEMPATH\View\View.php(226): include('C:\\laragon\\www\\appdevproj\\app\\Views\\main\\finance.php')
 3 SYSTEMPATH\View\View.php(229): CodeIgniter\View\View->CodeIgniter\View\{closure}()
 4 SYSTEMPATH\Common.php(1188): CodeIgniter\View\View->render('main/finance', [], true)
 5 APPPATH\Controllers\InformationController.php(17): view('main/finance', [...])
 6 SYSTEMPATH\CodeIgniter.php(919): App\Controllers\InformationController->Finance()
 7 SYSTEMPATH\CodeIgniter.php(494): CodeIgniter\CodeIgniter->runController(Object(App\Controllers\InformationController))
 8 SYSTEMPATH\CodeIgniter.php(353): CodeIgniter\CodeIgniter->handleRequest(null, Object(Config\Cache), false)
 9 FCPATH\index.php(79): CodeIgniter\CodeIgniter->run()
10 SYSTEMPATH\Commands\Server\rewrite.php(47): require_once('C:\\laragon\\www\\appdevproj\\public\\index.php')
CRITICAL - 2023-11-02 14:07:01 --> Undefined array key "FicalYear"
in APPPATH\Views\main\finance.php on line 69.
 1 APPPATH\Views\main\finance.php(69): CodeIgniter\Debug\Exceptions->errorHandler(2, 'Undefined array key "FicalYear"', 'C:\\laragon\\www\\appdevproj\\app\\Views\\main\\finance.php', 69)
 2 SYSTEMPATH\View\View.php(226): include('C:\\laragon\\www\\appdevproj\\app\\Views\\main\\finance.php')
 3 SYSTEMPATH\View\View.php(229): CodeIgniter\View\View->CodeIgniter\View\{closure}()
 4 SYSTEMPATH\Common.php(1188): CodeIgniter\View\View->render('main/finance', [], true)
 5 APPPATH\Controllers\InformationController.php(17): view('main/finance', [...])
 6 SYSTEMPATH\CodeIgniter.php(919): App\Controllers\InformationController->Finance()
 7 SYSTEMPATH\CodeIgniter.php(494): CodeIgniter\CodeIgniter->runController(Object(App\Controllers\InformationController))
 8 SYSTEMPATH\CodeIgniter.php(353): CodeIgniter\CodeIgniter->handleRequest(null, Object(Config\Cache), false)
 9 FCPATH\index.php(79): CodeIgniter\CodeIgniter->run()
10 SYSTEMPATH\Commands\Server\rewrite.php(47): require_once('C:\\laragon\\www\\appdevproj\\public\\index.php')
CRITICAL - 2023-11-02 14:07:01 --> Undefined array key "FicalYear"
in APPPATH\Views\main\finance.php on line 69.
 1 APPPATH\Views\main\finance.php(69): CodeIgniter\Debug\Exceptions->errorHandler(2, 'Undefined array key "FicalYear"', 'C:\\laragon\\www\\appdevproj\\app\\Views\\main\\finance.php', 69)
 2 SYSTEMPATH\View\View.php(226): include('C:\\laragon\\www\\appdevproj\\app\\Views\\main\\finance.php')
 3 SYSTEMPATH\View\View.php(229): CodeIgniter\View\View->CodeIgniter\View\{closure}()
 4 SYSTEMPATH\Common.php(1188): CodeIgniter\View\View->render('main/finance', [], true)
 5 APPPATH\Controllers\InformationController.php(17): view('main/finance', [...])
 6 SYSTEMPATH\CodeIgniter.php(919): App\Controllers\InformationController->Finance()
 7 SYSTEMPATH\CodeIgniter.php(494): CodeIgniter\CodeIgniter->runController(Object(App\Controllers\InformationController))
 8 SYSTEMPATH\CodeIgniter.php(353): CodeIgniter\CodeIgniter->handleRequest(null, Object(Config\Cache), false)
 9 FCPATH\index.php(79): CodeIgniter\CodeIgniter->run()
10 SYSTEMPATH\Commands\Server\rewrite.php(47): require_once('C:\\laragon\\www\\appdevproj\\public\\index.php')
CRITICAL - 2023-11-02 14:07:01 --> Undefined array key "FicalYear"
in APPPATH\Views\main\finance.php on line 69.
 1 APPPATH\Views\main\finance.php(69): CodeIgniter\Debug\Exceptions->errorHandler(2, 'Undefined array key "FicalYear"', 'C:\\laragon\\www\\appdevproj\\app\\Views\\main\\finance.php', 69)
 2 SYSTEMPATH\View\View.php(226): include('C:\\laragon\\www\\appdevproj\\app\\Views\\main\\finance.php')
 3 SYSTEMPATH\View\View.php(229): CodeIgniter\View\View->CodeIgniter\View\{closure}()
 4 SYSTEMPATH\Common.php(1188): CodeIgniter\View\View->render('main/finance', [], true)
 5 APPPATH\Controllers\InformationController.php(17): view('main/finance', [...])
 6 SYSTEMPATH\CodeIgniter.php(919): App\Controllers\InformationController->Finance()
 7 SYSTEMPATH\CodeIgniter.php(494): CodeIgniter\CodeIgniter->runController(Object(App\Controllers\InformationController))
 8 SYSTEMPATH\CodeIgniter.php(353): CodeIgniter\CodeIgniter->handleRequest(null, Object(Config\Cache), false)
 9 FCPATH\index.php(79): CodeIgniter\CodeIgniter->run()
10 SYSTEMPATH\Commands\Server\rewrite.php(47): require_once('C:\\laragon\\www\\appdevproj\\public\\index.php')
CRITICAL - 2023-11-02 14:07:01 --> Undefined array key "FicalYear"
in APPPATH\Views\main\finance.php on line 69.
 1 APPPATH\Views\main\finance.php(69): CodeIgniter\Debug\Exceptions->errorHandler(2, 'Undefined array key "FicalYear"', 'C:\\laragon\\www\\appdevproj\\app\\Views\\main\\finance.php', 69)
 2 SYSTEMPATH\View\View.php(226): include('C:\\laragon\\www\\appdevproj\\app\\Views\\main\\finance.php')
 3 SYSTEMPATH\View\View.php(229): CodeIgniter\View\View->CodeIgniter\View\{closure}()
 4 SYSTEMPATH\Common.php(1188): CodeIgniter\View\View->render('main/finance', [], true)
 5 APPPATH\Controllers\InformationController.php(17): view('main/finance', [...])
 6 SYSTEMPATH\CodeIgniter.php(919): App\Controllers\InformationController->Finance()
 7 SYSTEMPATH\CodeIgniter.php(494): CodeIgniter\CodeIgniter->runController(Object(App\Controllers\InformationController))
 8 SYSTEMPATH\CodeIgniter.php(353): CodeIgniter\CodeIgniter->handleRequest(null, Object(Config\Cache), false)
 9 FCPATH\index.php(79): CodeIgniter\CodeIgniter->run()
10 SYSTEMPATH\Commands\Server\rewrite.php(47): require_once('C:\\laragon\\www\\appdevproj\\public\\index.php')
CRITICAL - 2023-11-02 14:07:01 --> Undefined array key "FicalYear"
in APPPATH\Views\main\finance.php on line 69.
 1 APPPATH\Views\main\finance.php(69): CodeIgniter\Debug\Exceptions->errorHandler(2, 'Undefined array key "FicalYear"', 'C:\\laragon\\www\\appdevproj\\app\\Views\\main\\finance.php', 69)
 2 SYSTEMPATH\View\View.php(226): include('C:\\laragon\\www\\appdevproj\\app\\Views\\main\\finance.php')
 3 SYSTEMPATH\View\View.php(229): CodeIgniter\View\View->CodeIgniter\View\{closure}()
 4 SYSTEMPATH\Common.php(1188): CodeIgniter\View\View->render('main/finance', [], true)
 5 APPPATH\Controllers\InformationController.php(17): view('main/finance', [...])
 6 SYSTEMPATH\CodeIgniter.php(919): App\Controllers\InformationController->Finance()
 7 SYSTEMPATH\CodeIgniter.php(494): CodeIgniter\CodeIgniter->runController(Object(App\Controllers\InformationController))
 8 SYSTEMPATH\CodeIgniter.php(353): CodeIgniter\CodeIgniter->handleRequest(null, Object(Config\Cache), false)
 9 FCPATH\index.php(79): CodeIgniter\CodeIgniter->run()
10 SYSTEMPATH\Commands\Server\rewrite.php(47): require_once('C:\\laragon\\www\\appdevproj\\public\\index.php')
CRITICAL - 2023-11-02 14:07:02 --> Undefined array key "FicalYear"
in APPPATH\Views\main\finance.php on line 69.
 1 APPPATH\Views\main\finance.php(69): CodeIgniter\Debug\Exceptions->errorHandler(2, 'Undefined array key "FicalYear"', 'C:\\laragon\\www\\appdevproj\\app\\Views\\main\\finance.php', 69)
 2 SYSTEMPATH\View\View.php(226): include('C:\\laragon\\www\\appdevproj\\app\\Views\\main\\finance.php')
 3 SYSTEMPATH\View\View.php(229): CodeIgniter\View\View->CodeIgniter\View\{closure}()
 4 SYSTEMPATH\Common.php(1188): CodeIgniter\View\View->render('main/finance', [], true)
 5 APPPATH\Controllers\InformationController.php(17): view('main/finance', [...])
 6 SYSTEMPATH\CodeIgniter.php(919): App\Controllers\InformationController->Finance()
 7 SYSTEMPATH\CodeIgniter.php(494): CodeIgniter\CodeIgniter->runController(Object(App\Controllers\InformationController))
 8 SYSTEMPATH\CodeIgniter.php(353): CodeIgniter\CodeIgniter->handleRequest(null, Object(Config\Cache), false)
 9 FCPATH\index.php(79): CodeIgniter\CodeIgniter->run()
10 SYSTEMPATH\Commands\Server\rewrite.php(47): require_once('C:\\laragon\\www\\appdevproj\\public\\index.php')
CRITICAL - 2023-11-02 14:07:02 --> Undefined array key "FicalYear"
in APPPATH\Views\main\finance.php on line 69.
 1 APPPATH\Views\main\finance.php(69): CodeIgniter\Debug\Exceptions->errorHandler(2, 'Undefined array key "FicalYear"', 'C:\\laragon\\www\\appdevproj\\app\\Views\\main\\finance.php', 69)
 2 SYSTEMPATH\View\View.php(226): include('C:\\laragon\\www\\appdevproj\\app\\Views\\main\\finance.php')
 3 SYSTEMPATH\View\View.php(229): CodeIgniter\View\View->CodeIgniter\View\{closure}()
 4 SYSTEMPATH\Common.php(1188): CodeIgniter\View\View->render('main/finance', [], true)
 5 APPPATH\Controllers\InformationController.php(17): view('main/finance', [...])
 6 SYSTEMPATH\CodeIgniter.php(919): App\Controllers\InformationController->Finance()
 7 SYSTEMPATH\CodeIgniter.php(494): CodeIgniter\CodeIgniter->runController(Object(App\Controllers\InformationController))
 8 SYSTEMPATH\CodeIgniter.php(353): CodeIgniter\CodeIgniter->handleRequest(null, Object(Config\Cache), false)
 9 FCPATH\index.php(79): CodeIgniter\CodeIgniter->run()
10 SYSTEMPATH\Commands\Server\rewrite.php(47): require_once('C:\\laragon\\www\\appdevproj\\public\\index.php')
CRITICAL - 2023-11-02 14:07:02 --> Undefined array key "FicalYear"
in APPPATH\Views\main\finance.php on line 69.
 1 APPPATH\Views\main\finance.php(69): CodeIgniter\Debug\Exceptions->errorHandler(2, 'Undefined array key "FicalYear"', 'C:\\laragon\\www\\appdevproj\\app\\Views\\main\\finance.php', 69)
 2 SYSTEMPATH\View\View.php(226): include('C:\\laragon\\www\\appdevproj\\app\\Views\\main\\finance.php')
 3 SYSTEMPATH\View\View.php(229): CodeIgniter\View\View->CodeIgniter\View\{closure}()
 4 SYSTEMPATH\Common.php(1188): CodeIgniter\View\View->render('main/finance', [], true)
 5 APPPATH\Controllers\InformationController.php(17): view('main/finance', [...])
 6 SYSTEMPATH\CodeIgniter.php(919): App\Controllers\InformationController->Finance()
 7 SYSTEMPATH\CodeIgniter.php(494): CodeIgniter\CodeIgniter->runController(Object(App\Controllers\InformationController))
 8 SYSTEMPATH\CodeIgniter.php(353): CodeIgniter\CodeIgniter->handleRequest(null, Object(Config\Cache), false)
 9 FCPATH\index.php(79): CodeIgniter\CodeIgniter->run()
10 SYSTEMPATH\Commands\Server\rewrite.php(47): require_once('C:\\laragon\\www\\appdevproj\\public\\index.php')
CRITICAL - 2023-11-02 14:07:02 --> Undefined array key "FicalYear"
in APPPATH\Views\main\finance.php on line 69.
 1 APPPATH\Views\main\finance.php(69): CodeIgniter\Debug\Exceptions->errorHandler(2, 'Undefined array key "FicalYear"', 'C:\\laragon\\www\\appdevproj\\app\\Views\\main\\finance.php', 69)
 2 SYSTEMPATH\View\View.php(226): include('C:\\laragon\\www\\appdevproj\\app\\Views\\main\\finance.php')
 3 SYSTEMPATH\View\View.php(229): CodeIgniter\View\View->CodeIgniter\View\{closure}()
 4 SYSTEMPATH\Common.php(1188): CodeIgniter\View\View->render('main/finance', [], true)
 5 APPPATH\Controllers\InformationController.php(17): view('main/finance', [...])
 6 SYSTEMPATH\CodeIgniter.php(919): App\Controllers\InformationController->Finance()
 7 SYSTEMPATH\CodeIgniter.php(494): CodeIgniter\CodeIgniter->runController(Object(App\Controllers\InformationController))
 8 SYSTEMPATH\CodeIgniter.php(353): CodeIgniter\CodeIgniter->handleRequest(null, Object(Config\Cache), false)
 9 FCPATH\index.php(79): CodeIgniter\CodeIgniter->run()
10 SYSTEMPATH\Commands\Server\rewrite.php(47): require_once('C:\\laragon\\www\\appdevproj\\public\\index.php')
CRITICAL - 2023-11-02 14:07:03 --> Undefined array key "FicalYear"
in APPPATH\Views\main\finance.php on line 69.
 1 APPPATH\Views\main\finance.php(69): CodeIgniter\Debug\Exceptions->errorHandler(2, 'Undefined array key "FicalYear"', 'C:\\laragon\\www\\appdevproj\\app\\Views\\main\\finance.php', 69)
 2 SYSTEMPATH\View\View.php(226): include('C:\\laragon\\www\\appdevproj\\app\\Views\\main\\finance.php')
 3 SYSTEMPATH\View\View.php(229): CodeIgniter\View\View->CodeIgniter\View\{closure}()
 4 SYSTEMPATH\Common.php(1188): CodeIgniter\View\View->render('main/finance', [], true)
 5 APPPATH\Controllers\InformationController.php(17): view('main/finance', [...])
 6 SYSTEMPATH\CodeIgniter.php(919): App\Controllers\InformationController->Finance()
 7 SYSTEMPATH\CodeIgniter.php(494): CodeIgniter\CodeIgniter->runController(Object(App\Controllers\InformationController))
 8 SYSTEMPATH\CodeIgniter.php(353): CodeIgniter\CodeIgniter->handleRequest(null, Object(Config\Cache), false)
 9 FCPATH\index.php(79): CodeIgniter\CodeIgniter->run()
10 SYSTEMPATH\Commands\Server\rewrite.php(47): require_once('C:\\laragon\\www\\appdevproj\\public\\index.php')
CRITICAL - 2023-11-02 14:08:51 --> syntax error, unexpected token "print", expecting "," or ";"
in APPPATH\Views\main\finance.php on line 60.
 1 SYSTEMPATH\View\View.php(229): CodeIgniter\View\View->CodeIgniter\View\{closure}()
 2 SYSTEMPATH\Common.php(1188): CodeIgniter\View\View->render('main/finance', [], true)
 3 APPPATH\Controllers\InformationController.php(17): view('main/finance', [...])
 4 SYSTEMPATH\CodeIgniter.php(919): App\Controllers\InformationController->Finance()
 5 SYSTEMPATH\CodeIgniter.php(494): CodeIgniter\CodeIgniter->runController(Object(App\Controllers\InformationController))
 6 SYSTEMPATH\CodeIgniter.php(353): CodeIgniter\CodeIgniter->handleRequest(null, Object(Config\Cache), false)
 7 FCPATH\index.php(79): CodeIgniter\CodeIgniter->run()
 8 SYSTEMPATH\Commands\Server\rewrite.php(47): require_once('C:\\laragon\\www\\appdevproj\\public\\index.php')
