CRITICAL - 2023-11-05 02:03:38 --> Undefined array key "ResidentName"
in APPPATH\Views\main\information.php on line 43.
 1 APPPATH\Views\main\information.php(43): CodeIgniter\Debug\Exceptions->errorHandler(2, 'Undefined array key "ResidentName"', 'C:\\laragon\\www\\appdevproj\\app\\Views\\main\\information.php', 43)
 2 APPPATH\Views\information.php(24): include('C:\\laragon\\www\\appdevproj\\app\\Views\\main\\information.php')
 3 SYSTEMPATH\View\View.php(226): include('C:\\laragon\\www\\appdevproj\\app\\Views\\information.php')
 4 SYSTEMPATH\View\View.php(229): CodeIgniter\View\View->CodeIgniter\View\{closure}()
 5 SYSTEMPATH\Common.php(1188): CodeIgniter\View\View->render('Information', [], true)
 6 APPPATH\Controllers\InformationController.php(42): view('Information', [...])
 7 SYSTEMPATH\CodeIgniter.php(919): App\Controllers\InformationController->Information()
 8 SYSTEMPATH\CodeIgniter.php(494): CodeIgniter\CodeIgniter->runController(Object(App\Controllers\InformationController))
 9 SYSTEMPATH\CodeIgniter.php(353): CodeIgniter\CodeIgniter->handleRequest(null, Object(Config\Cache), false)
10 FCPATH\index.php(79): CodeIgniter\CodeIgniter->run()
11 SYSTEMPATH\Commands\Server\rewrite.php(47): require_once('C:\\laragon\\www\\appdevproj\\public\\index.php')
ERROR - 2023-11-05 08:05:56 --> Error connecting to the database: mysqli_sql_exception: Unknown database 'brgyprofiling' in C:\laragon\www\appdevproj-main\system\Database\MySQLi\Connection.php:185
Stack trace:
#0 C:\laragon\www\appdevproj-main\system\Database\MySQLi\Connection.php(185): mysqli->real_connect('localhost', 'root', '', 'brgyprofiling', 3306, '', 0)
#1 C:\laragon\www\appdevproj-main\system\Database\BaseConnection.php(391): CodeIgniter\Database\MySQLi\Connection->connect(false)
#2 C:\laragon\www\appdevproj-main\system\Database\BaseConnection.php(574): CodeIgniter\Database\BaseConnection->initialize()
#3 C:\laragon\www\appdevproj-main\system\Database\BaseBuilder.php(1615): CodeIgniter\Database\BaseConnection->query('SELECT *\nFROM `...', Array, false)
#4 C:\laragon\www\appdevproj-main\system\Model.php(237): CodeIgniter\Database\BaseBuilder->get()
#5 C:\laragon\www\appdevproj-main\system\BaseModel.php(624): CodeIgniter\Model->doFindAll(0, 0)
#6 C:\laragon\www\appdevproj-main\app\Controllers\InformationController.php(53): CodeIgniter\BaseModel->findAll()
#7 C:\laragon\www\appdevproj-main\system\CodeIgniter.php(919): App\Controllers\InformationController->financert()
#8 C:\laragon\www\appdevproj-main\system\CodeIgniter.php(494): CodeIgniter\CodeIgniter->runController(Object(App\Controllers\InformationController))
#9 C:\laragon\www\appdevproj-main\system\CodeIgniter.php(353): CodeIgniter\CodeIgniter->handleRequest(NULL, Object(Config\Cache), false)
#10 C:\laragon\www\appdevproj-main\public\index.php(79): CodeIgniter\CodeIgniter->run()
#11 C:\laragon\www\appdevproj-main\system\Commands\Server\rewrite.php(47): require_once('C:\\laragon\\www\\...')
#12 {main}

Next CodeIgniter\Database\Exceptions\DatabaseException: Unknown database 'brgyprofiling' in C:\laragon\www\appdevproj-main\system\Database\MySQLi\Connection.php:229
Stack trace:
#0 C:\laragon\www\appdevproj-main\system\Database\BaseConnection.php(391): CodeIgniter\Database\MySQLi\Connection->connect(false)
#1 C:\laragon\www\appdevproj-main\system\Database\BaseConnection.php(574): CodeIgniter\Database\BaseConnection->initialize()
#2 C:\laragon\www\appdevproj-main\system\Database\BaseBuilder.php(1615): CodeIgniter\Database\BaseConnection->query('SELECT *\nFROM `...', Array, false)
#3 C:\laragon\www\appdevproj-main\system\Model.php(237): CodeIgniter\Database\BaseBuilder->get()
#4 C:\laragon\www\appdevproj-main\system\BaseModel.php(624): CodeIgniter\Model->doFindAll(0, 0)
#5 C:\laragon\www\appdevproj-main\app\Controllers\InformationController.php(53): CodeIgniter\BaseModel->findAll()
#6 C:\laragon\www\appdevproj-main\system\CodeIgniter.php(919): App\Controllers\InformationController->financert()
#7 C:\laragon\www\appdevproj-main\system\CodeIgniter.php(494): CodeIgniter\CodeIgniter->runController(Object(App\Controllers\InformationController))
#8 C:\laragon\www\appdevproj-main\system\CodeIgniter.php(353): CodeIgniter\CodeIgniter->handleRequest(NULL, Object(Config\Cache), false)
#9 C:\laragon\www\appdevproj-main\public\index.php(79): CodeIgniter\CodeIgniter->run()
#10 C:\laragon\www\appdevproj-main\system\Commands\Server\rewrite.php(47): require_once('C:\\laragon\\www\\...')
#11 {main}
CRITICAL - 2023-11-05 08:05:56 --> Unable to connect to the database.
Main connection [MySQLi]: Unknown database 'brgyprofiling'
in SYSTEMPATH\Database\BaseConnection.php on line 427.
 1 SYSTEMPATH\Database\BaseConnection.php(574): CodeIgniter\Database\BaseConnection->initialize()
 2 SYSTEMPATH\Database\BaseBuilder.php(1615): CodeIgniter\Database\BaseConnection->query('SELECT *
FROM `tblfinance`', [], false)
 3 SYSTEMPATH\Model.php(237): CodeIgniter\Database\BaseBuilder->get()
 4 SYSTEMPATH\BaseModel.php(624): CodeIgniter\Model->doFindAll(0, 0)
 5 APPPATH\Controllers\InformationController.php(53): CodeIgniter\BaseModel->findAll()
 6 SYSTEMPATH\CodeIgniter.php(919): App\Controllers\InformationController->financert()
 7 SYSTEMPATH\CodeIgniter.php(494): CodeIgniter\CodeIgniter->runController(Object(App\Controllers\InformationController))
 8 SYSTEMPATH\CodeIgniter.php(353): CodeIgniter\CodeIgniter->handleRequest(null, Object(Config\Cache), false)
 9 FCPATH\index.php(79): CodeIgniter\CodeIgniter->run()
10 SYSTEMPATH\Commands\Server\rewrite.php(47): require_once('C:\\laragon\\www\\appdevproj-main\\public\\index.php')
ERROR - 2023-11-05 08:09:24 --> Error connecting to the database: mysqli_sql_exception: Unknown database 'brgyprofiling' in C:\laragon\www\appdevproj-main\system\Database\MySQLi\Connection.php:185
Stack trace:
#0 C:\laragon\www\appdevproj-main\system\Database\MySQLi\Connection.php(185): mysqli->real_connect('localhost', 'root', '', 'brgyprofiling', 3306, '', 0)
#1 C:\laragon\www\appdevproj-main\system\Database\BaseConnection.php(391): CodeIgniter\Database\MySQLi\Connection->connect(false)
#2 C:\laragon\www\appdevproj-main\system\Database\BaseConnection.php(574): CodeIgniter\Database\BaseConnection->initialize()
#3 C:\laragon\www\appdevproj-main\system\Database\BaseBuilder.php(1615): CodeIgniter\Database\BaseConnection->query('SELECT *\nFROM `...', Array, false)
#4 C:\laragon\www\appdevproj-main\system\Model.php(264): CodeIgniter\Database\BaseBuilder->get()
#5 C:\laragon\www\appdevproj-main\system\BaseModel.php(662): CodeIgniter\Model->doFirst()
#6 C:\laragon\www\appdevproj-main\app\Controllers\SigninController.php(23): CodeIgniter\BaseModel->first()
#7 C:\laragon\www\appdevproj-main\system\CodeIgniter.php(919): App\Controllers\SigninController->loginAuth()
#8 C:\laragon\www\appdevproj-main\system\CodeIgniter.php(494): CodeIgniter\CodeIgniter->runController(Object(App\Controllers\SigninController))
#9 C:\laragon\www\appdevproj-main\system\CodeIgniter.php(353): CodeIgniter\CodeIgniter->handleRequest(NULL, Object(Config\Cache), false)
#10 C:\laragon\www\appdevproj-main\public\index.php(79): CodeIgniter\CodeIgniter->run()
#11 C:\laragon\www\appdevproj-main\system\Commands\Server\rewrite.php(47): require_once('C:\\laragon\\www\\...')
#12 {main}

Next CodeIgniter\Database\Exceptions\DatabaseException: Unknown database 'brgyprofiling' in C:\laragon\www\appdevproj-main\system\Database\MySQLi\Connection.php:229
Stack trace:
#0 C:\laragon\www\appdevproj-main\system\Database\BaseConnection.php(391): CodeIgniter\Database\MySQLi\Connection->connect(false)
#1 C:\laragon\www\appdevproj-main\system\Database\BaseConnection.php(574): CodeIgniter\Database\BaseConnection->initialize()
#2 C:\laragon\www\appdevproj-main\system\Database\BaseBuilder.php(1615): CodeIgniter\Database\BaseConnection->query('SELECT *\nFROM `...', Array, false)
#3 C:\laragon\www\appdevproj-main\system\Model.php(264): CodeIgniter\Database\BaseBuilder->get()
#4 C:\laragon\www\appdevproj-main\system\BaseModel.php(662): CodeIgniter\Model->doFirst()
#5 C:\laragon\www\appdevproj-main\app\Controllers\SigninController.php(23): CodeIgniter\BaseModel->first()
#6 C:\laragon\www\appdevproj-main\system\CodeIgniter.php(919): App\Controllers\SigninController->loginAuth()
#7 C:\laragon\www\appdevproj-main\system\CodeIgniter.php(494): CodeIgniter\CodeIgniter->runController(Object(App\Controllers\SigninController))
#8 C:\laragon\www\appdevproj-main\system\CodeIgniter.php(353): CodeIgniter\CodeIgniter->handleRequest(NULL, Object(Config\Cache), false)
#9 C:\laragon\www\appdevproj-main\public\index.php(79): CodeIgniter\CodeIgniter->run()
#10 C:\laragon\www\appdevproj-main\system\Commands\Server\rewrite.php(47): require_once('C:\\laragon\\www\\...')
#11 {main}
CRITICAL - 2023-11-05 08:09:24 --> Unable to connect to the database.
Main connection [MySQLi]: Unknown database 'brgyprofiling'
in SYSTEMPATH\Database\BaseConnection.php on line 427.
 1 SYSTEMPATH\Database\BaseConnection.php(574): CodeIgniter\Database\BaseConnection->initialize()
 2 SYSTEMPATH\Database\BaseBuilder.php(1615): CodeIgniter\Database\BaseConnection->query('SELECT *
FROM `users`
WHERE `email` = :email:
 LIMIT 1', [...], false)
 3 SYSTEMPATH\Model.php(264): CodeIgniter\Database\BaseBuilder->get()
 4 SYSTEMPATH\BaseModel.php(662): CodeIgniter\Model->doFirst()
 5 APPPATH\Controllers\SigninController.php(23): CodeIgniter\BaseModel->first()
 6 SYSTEMPATH\CodeIgniter.php(919): App\Controllers\SigninController->loginAuth()
 7 SYSTEMPATH\CodeIgniter.php(494): CodeIgniter\CodeIgniter->runController(Object(App\Controllers\SigninController))
 8 SYSTEMPATH\CodeIgniter.php(353): CodeIgniter\CodeIgniter->handleRequest(null, Object(Config\Cache), false)
 9 FCPATH\index.php(79): CodeIgniter\CodeIgniter->run()
10 SYSTEMPATH\Commands\Server\rewrite.php(47): require_once('C:\\laragon\\www\\appdevproj-main\\public\\index.php')
CRITICAL - 2023-11-05 08:27:11 --> include(financert.php): Failed to open stream: No such file or directory
in APPPATH\Views\dashboard\index.php on line 1057.
 1 APPPATH\Views\dashboard\index.php(1057): CodeIgniter\Debug\Exceptions->errorHandler(2, 'include(financert.php): Failed to open stream: No such file or directory', 'C:\\laragon\\www\\appdevproj-main\\app\\Views\\dashboard\\index.php', 1057)
 2 APPPATH\Views\dashboard\index.php(1057): include()
 3 SYSTEMPATH\View\View.php(226): include('C:\\laragon\\www\\appdevproj-main\\app\\Views\\dashboard\\index.php')
 4 SYSTEMPATH\View\View.php(229): CodeIgniter\View\View->CodeIgniter\View\{closure}()
 5 SYSTEMPATH\Common.php(1188): CodeIgniter\View\View->render('dashboard/index', [], true)
 6 APPPATH\Controllers\InformationController.php(38): view('dashboard/index')
 7 SYSTEMPATH\CodeIgniter.php(919): App\Controllers\InformationController->dashboard()
 8 SYSTEMPATH\CodeIgniter.php(494): CodeIgniter\CodeIgniter->runController(Object(App\Controllers\InformationController))
 9 SYSTEMPATH\CodeIgniter.php(353): CodeIgniter\CodeIgniter->handleRequest(null, Object(Config\Cache), false)
10 FCPATH\index.php(79): CodeIgniter\CodeIgniter->run()
11 SYSTEMPATH\Commands\Server\rewrite.php(47): require_once('C:\\laragon\\www\\appdevproj-main\\public\\index.php')
CRITICAL - 2023-11-05 08:32:07 --> Undefined variable $fin
in APPPATH\Views\dashboard\index.php on line 1061.
 1 APPPATH\Views\dashboard\index.php(1061): CodeIgniter\Debug\Exceptions->errorHandler(2, 'Undefined variable $fin', 'C:\\laragon\\www\\appdevproj-main\\app\\Views\\dashboard\\index.php', 1061)
 2 SYSTEMPATH\View\View.php(226): include('C:\\laragon\\www\\appdevproj-main\\app\\Views\\dashboard\\index.php')
 3 SYSTEMPATH\View\View.php(229): CodeIgniter\View\View->CodeIgniter\View\{closure}()
 4 SYSTEMPATH\Common.php(1188): CodeIgniter\View\View->render('dashboard/index', [], true)
 5 APPPATH\Controllers\InformationController.php(38): view('dashboard/index')
 6 SYSTEMPATH\CodeIgniter.php(919): App\Controllers\InformationController->dashboard()
 7 SYSTEMPATH\CodeIgniter.php(494): CodeIgniter\CodeIgniter->runController(Object(App\Controllers\InformationController))
 8 SYSTEMPATH\CodeIgniter.php(353): CodeIgniter\CodeIgniter->handleRequest(null, Object(Config\Cache), false)
 9 FCPATH\index.php(79): CodeIgniter\CodeIgniter->run()
10 SYSTEMPATH\Commands\Server\rewrite.php(47): require_once('C:\\laragon\\www\\appdevproj-main\\public\\index.php')
